[2024-04-18 22:49:03:241][INFO ][main][SpringbootGraphqlApplication.logStarting] - Starting SpringbootGraphqlApplication using Java 21.0.1 with PID 38956 (/Users/2dongyeop/Developments/springboot-graphql/build/classes/java/main started by 2dongyeop in /Users/2dongyeop/Developments/springboot-graphql)
[2024-04-18 22:49:03:247][INFO ][main][SpringbootGraphqlApplication.logStartupProfileInfo] - No active profile set, falling back to 1 default profile: "default"
[2024-04-18 22:49:03:648][INFO ][main][RepositoryConfigurationDelegate.registerRepositoriesIn] - Bootstrapping Spring Data JPA repositories in DEFAULT mode.
[2024-04-18 22:49:03:721][INFO ][main][RepositoryConfigurationDelegate.registerRepositoriesIn] - Finished Spring Data repository scanning in 69 ms. Found 3 JPA repository interfaces.
[2024-04-18 22:49:04:1076][INFO ][main][TomcatWebServer.initialize] - Tomcat initialized with port 8888 (http)
[2024-04-18 22:49:04:1081][INFO ][main][StandardService.log] - Starting service [Tomcat]
[2024-04-18 22:49:04:1082][INFO ][main][StandardEngine.log] - Starting Servlet engine: [Apache Tomcat/10.1.19]
[2024-04-18 22:49:04:1105][INFO ][main][[/].log] - Initializing Spring embedded WebApplicationContext
[2024-04-18 22:49:04:1105][INFO ][main][ServletWebServerApplicationContext.prepareWebApplicationContext] - Root WebApplicationContext: initialization completed in 838 ms
[2024-04-18 22:49:04:1170][INFO ][main][HikariDataSource.getConnection] - HikariPool-1 - Starting...
[2024-04-18 22:49:04:1268][INFO ][main][HikariPool.checkFailFast] - HikariPool-1 - Added connection conn0: url=jdbc:h2:mem:testdb user=SA
[2024-04-18 22:49:04:1269][INFO ][main][HikariDataSource.getConnection] - HikariPool-1 - Start completed.
[2024-04-18 22:49:04:1274][INFO ][main][H2ConsoleAutoConfiguration.logDataSources] - H2 console available at '/h2-console'. Database available at 'jdbc:h2:mem:testdb'
[2024-04-18 22:49:04:1368][INFO ][main][LogHelper.logPersistenceUnitInformation] - HHH000204: Processing PersistenceUnitInfo [name: default]
[2024-04-18 22:49:04:1395][INFO ][main][Version.logVersion] - HHH000412: Hibernate ORM core version 6.4.4.Final
[2024-04-18 22:49:04:1411][INFO ][main][RegionFactoryInitiator.initiateService] - HHH000026: Second-level cache disabled
[2024-04-18 22:49:04:1517][INFO ][main][SpringPersistenceUnitInfo.addTransformer] - No LoadTimeWeaver setup: ignoring JPA class transformer
[2024-04-18 22:49:04:1536][WARN ][main][deprecation.constructDialect] - HHH90000025: H2Dialect does not need to be specified explicitly using 'hibernate.dialect' (remove the property setting and it will be selected by default)
[2024-04-18 22:49:04:1949][INFO ][main][JtaPlatformInitiator.initiateService] - HHH000489: No JTA platform available (set 'hibernate.transaction.jta.platform' to enable JTA platform integration)
[2024-04-18 22:49:04:1956][DEBUG][main][SQL.logStatement] - 
    drop table if exists comment cascade 
[2024-04-18 22:49:04:1958][DEBUG][main][SQL.logStatement] - 
    drop table if exists post cascade 
[2024-04-18 22:49:04:1958][DEBUG][main][SQL.logStatement] - 
    drop table if exists users cascade 
[2024-04-18 22:49:04:1960][DEBUG][main][SQL.logStatement] - 
    create table comment (
        id bigint generated by default as identity,
        post_id bigint,
        user_id bigint,
        content varchar(255),
        primary key (id)
    )
[2024-04-18 22:49:04:1964][DEBUG][main][SQL.logStatement] - 
    create table post (
        id bigint generated by default as identity,
        user_id bigint,
        views bigint,
        content varchar(255),
        title varchar(255),
        primary key (id)
    )
[2024-04-18 22:49:04:1964][DEBUG][main][SQL.logStatement] - 
    create table users (
        id bigint generated by default as identity,
        name varchar(255),
        password varchar(255),
        phone_number varchar(255),
        primary key (id)
    )
[2024-04-18 22:49:04:1965][DEBUG][main][SQL.logStatement] - 
    alter table if exists comment 
       add constraint FKs1slvnkuemjsq2kj4h3vhx7i1 
       foreign key (post_id) 
       references post
[2024-04-18 22:49:04:1970][DEBUG][main][SQL.logStatement] - 
    alter table if exists comment 
       add constraint FKqm52p1v3o13hy268he0wcngr5 
       foreign key (user_id) 
       references users
[2024-04-18 22:49:04:1971][DEBUG][main][SQL.logStatement] - 
    alter table if exists post 
       add constraint FK7ky67sgi7k0ayf22652f7763r 
       foreign key (user_id) 
       references users
[2024-04-18 22:49:04:1973][INFO ][main][LocalContainerEntityManagerFactoryBean.buildNativeEntityManagerFactory] - Initialized JPA EntityManagerFactory for persistence unit 'default'
[2024-04-18 22:49:05:2196][WARN ][main][JpaBaseConfiguration$JpaWebConfiguration.openEntityManagerInViewInterceptor] - spring.jpa.open-in-view is enabled by default. Therefore, database queries may be performed during view rendering. Explicitly configure spring.jpa.open-in-view to disable this warning
[2024-04-18 22:49:05:2446][INFO ][main][DefaultSchemaResourceGraphQlSourceBuilder.initGraphQlSchema] - Loaded 1 resource(s) in the GraphQL schema.
[2024-04-18 22:49:05:2520][INFO ][main][GraphQlAutoConfiguration.lambda$initGraphQlSchema$1] - GraphQL schema inspection:
	Unmapped fields: {Mutation=[saveComment]}
	Unmapped registrations: {Mutation.댓글 저장 로직입니다.=CommentEndpoint#saveComment[2 args]}
	Skipped types: []
[2024-04-18 22:49:05:2529][INFO ][main][GraphQlWebMvcAutoConfiguration.graphQlRouterFunction] - GraphQL endpoint HTTP POST /graphql
[2024-04-18 22:49:05:2770][INFO ][main][EndpointLinksResolver.<init>] - Exposing 1 endpoint(s) beneath base path '/actuator'
[2024-04-18 22:49:05:2810][INFO ][main][TomcatWebServer.start] - Tomcat started on port 8888 (http) with context path ''
[2024-04-18 22:49:05:2819][INFO ][main][SpringbootGraphqlApplication.logStarted] - Started SpringbootGraphqlApplication in 2.756 seconds (process running for 3.234)
[2024-04-18 22:49:06:3344][INFO ][RMI TCP Connection(2)-127.0.0.1][[/].log] - Initializing Spring DispatcherServlet 'dispatcherServlet'
[2024-04-18 22:49:06:3344][INFO ][RMI TCP Connection(2)-127.0.0.1][DispatcherServlet.initServletBean] - Initializing Servlet 'dispatcherServlet'
[2024-04-18 22:49:06:3345][INFO ][RMI TCP Connection(2)-127.0.0.1][DispatcherServlet.initServletBean] - Completed initialization in 1 ms
[2024-04-18 22:49:14:11296][INFO ][http-nio-8888-exec-1][HeaderExtractFilter.doFilterInternal] - ============ Header Start ============
[2024-04-18 22:49:14:11296][INFO ][http-nio-8888-exec-1][HeaderExtractFilter.doFilterInternal] - requestURI[/graphiql]
[2024-04-18 22:49:14:11297][INFO ][http-nio-8888-exec-1][HeaderExtractFilter.doFilterInternal] - authorization[null]
[2024-04-18 22:49:14:11297][INFO ][http-nio-8888-exec-1][HeaderExtractFilter.doFilterInternal] - contentType[null]
[2024-04-18 22:49:14:11297][INFO ][http-nio-8888-exec-1][HeaderExtractFilter.doFilterInternal] - ============= Header End =============
[2024-04-18 22:49:16:13697][INFO ][http-nio-8888-exec-2][HeaderExtractFilter.doFilterInternal] - ============ Header Start ============
[2024-04-18 22:49:16:13698][INFO ][http-nio-8888-exec-2][HeaderExtractFilter.doFilterInternal] - requestURI[/graphql]
[2024-04-18 22:49:16:13698][INFO ][http-nio-8888-exec-2][HeaderExtractFilter.doFilterInternal] - authorization[null]
[2024-04-18 22:49:16:13698][INFO ][http-nio-8888-exec-2][HeaderExtractFilter.doFilterInternal] - contentType[application/json]
[2024-04-18 22:49:16:13698][INFO ][http-nio-8888-exec-2][HeaderExtractFilter.doFilterInternal] - ============= Header End =============
[2024-04-18 22:49:42:39684][INFO ][SpringApplicationShutdownHook][LocalContainerEntityManagerFactoryBean.destroy] - Closing JPA EntityManagerFactory for persistence unit 'default'
[2024-04-18 22:49:42:39687][INFO ][SpringApplicationShutdownHook][HikariDataSource.close] - HikariPool-1 - Shutdown initiated...
[2024-04-18 22:49:42:39689][INFO ][SpringApplicationShutdownHook][HikariDataSource.close] - HikariPool-1 - Shutdown completed.
[2024-04-18 22:49:44:226][INFO ][main][SpringbootGraphqlApplication.logStarting] - Starting SpringbootGraphqlApplication using Java 21.0.1 with PID 39013 (/Users/2dongyeop/Developments/springboot-graphql/build/classes/java/main started by 2dongyeop in /Users/2dongyeop/Developments/springboot-graphql)
[2024-04-18 22:49:44:227][INFO ][main][SpringbootGraphqlApplication.logStartupProfileInfo] - No active profile set, falling back to 1 default profile: "default"
[2024-04-18 22:49:44:628][INFO ][main][RepositoryConfigurationDelegate.registerRepositoriesIn] - Bootstrapping Spring Data JPA repositories in DEFAULT mode.
[2024-04-18 22:49:44:698][INFO ][main][RepositoryConfigurationDelegate.registerRepositoriesIn] - Finished Spring Data repository scanning in 67 ms. Found 3 JPA repository interfaces.
[2024-04-18 22:49:45:1035][INFO ][main][TomcatWebServer.initialize] - Tomcat initialized with port 8888 (http)
[2024-04-18 22:49:45:1041][INFO ][main][StandardService.log] - Starting service [Tomcat]
[2024-04-18 22:49:45:1041][INFO ][main][StandardEngine.log] - Starting Servlet engine: [Apache Tomcat/10.1.19]
[2024-04-18 22:49:45:1064][INFO ][main][[/].log] - Initializing Spring embedded WebApplicationContext
[2024-04-18 22:49:45:1064][INFO ][main][ServletWebServerApplicationContext.prepareWebApplicationContext] - Root WebApplicationContext: initialization completed in 818 ms
[2024-04-18 22:49:45:1125][INFO ][main][HikariDataSource.getConnection] - HikariPool-1 - Starting...
[2024-04-18 22:49:45:1211][INFO ][main][HikariPool.checkFailFast] - HikariPool-1 - Added connection conn0: url=jdbc:h2:mem:testdb user=SA
[2024-04-18 22:49:45:1212][INFO ][main][HikariDataSource.getConnection] - HikariPool-1 - Start completed.
[2024-04-18 22:49:45:1217][INFO ][main][H2ConsoleAutoConfiguration.logDataSources] - H2 console available at '/h2-console'. Database available at 'jdbc:h2:mem:testdb'
[2024-04-18 22:49:45:1308][INFO ][main][LogHelper.logPersistenceUnitInformation] - HHH000204: Processing PersistenceUnitInfo [name: default]
[2024-04-18 22:49:45:1333][INFO ][main][Version.logVersion] - HHH000412: Hibernate ORM core version 6.4.4.Final
[2024-04-18 22:49:45:1346][INFO ][main][RegionFactoryInitiator.initiateService] - HHH000026: Second-level cache disabled
[2024-04-18 22:49:45:1444][INFO ][main][SpringPersistenceUnitInfo.addTransformer] - No LoadTimeWeaver setup: ignoring JPA class transformer
[2024-04-18 22:49:45:1462][WARN ][main][deprecation.constructDialect] - HHH90000025: H2Dialect does not need to be specified explicitly using 'hibernate.dialect' (remove the property setting and it will be selected by default)
[2024-04-18 22:49:46:1862][INFO ][main][JtaPlatformInitiator.initiateService] - HHH000489: No JTA platform available (set 'hibernate.transaction.jta.platform' to enable JTA platform integration)
[2024-04-18 22:49:46:1868][DEBUG][main][SQL.logStatement] - 
    drop table if exists comment cascade 
[2024-04-18 22:49:46:1870][DEBUG][main][SQL.logStatement] - 
    drop table if exists post cascade 
[2024-04-18 22:49:46:1871][DEBUG][main][SQL.logStatement] - 
    drop table if exists users cascade 
[2024-04-18 22:49:46:1873][DEBUG][main][SQL.logStatement] - 
    create table comment (
        id bigint generated by default as identity,
        post_id bigint,
        user_id bigint,
        content varchar(255),
        primary key (id)
    )
[2024-04-18 22:49:46:1876][DEBUG][main][SQL.logStatement] - 
    create table post (
        id bigint generated by default as identity,
        user_id bigint,
        views bigint,
        content varchar(255),
        title varchar(255),
        primary key (id)
    )
[2024-04-18 22:49:46:1877][DEBUG][main][SQL.logStatement] - 
    create table users (
        id bigint generated by default as identity,
        name varchar(255),
        password varchar(255),
        phone_number varchar(255),
        primary key (id)
    )
[2024-04-18 22:49:46:1878][DEBUG][main][SQL.logStatement] - 
    alter table if exists comment 
       add constraint FKs1slvnkuemjsq2kj4h3vhx7i1 
       foreign key (post_id) 
       references post
[2024-04-18 22:49:46:1883][DEBUG][main][SQL.logStatement] - 
    alter table if exists comment 
       add constraint FKqm52p1v3o13hy268he0wcngr5 
       foreign key (user_id) 
       references users
[2024-04-18 22:49:46:1884][DEBUG][main][SQL.logStatement] - 
    alter table if exists post 
       add constraint FK7ky67sgi7k0ayf22652f7763r 
       foreign key (user_id) 
       references users
[2024-04-18 22:49:46:1886][INFO ][main][LocalContainerEntityManagerFactoryBean.buildNativeEntityManagerFactory] - Initialized JPA EntityManagerFactory for persistence unit 'default'
[2024-04-18 22:49:46:2108][WARN ][main][JpaBaseConfiguration$JpaWebConfiguration.openEntityManagerInViewInterceptor] - spring.jpa.open-in-view is enabled by default. Therefore, database queries may be performed during view rendering. Explicitly configure spring.jpa.open-in-view to disable this warning
[2024-04-18 22:49:46:2353][INFO ][main][DefaultSchemaResourceGraphQlSourceBuilder.initGraphQlSchema] - Loaded 1 resource(s) in the GraphQL schema.
[2024-04-18 22:49:46:2426][INFO ][main][GraphQlAutoConfiguration.lambda$initGraphQlSchema$1] - GraphQL schema inspection:
	Unmapped fields: {Mutation=[saveComment]}
	Unmapped registrations: {Mutation.댓글 저장 로직입니다.=CommentEndpoint#saveComment[2 args]}
	Skipped types: []
[2024-04-18 22:49:46:2435][INFO ][main][GraphQlWebMvcAutoConfiguration.graphQlRouterFunction] - GraphQL endpoint HTTP POST /graphql
[2024-04-18 22:49:46:2677][INFO ][main][EndpointLinksResolver.<init>] - Exposing 1 endpoint(s) beneath base path '/actuator'
[2024-04-18 22:49:46:2720][INFO ][main][TomcatWebServer.start] - Tomcat started on port 8888 (http) with context path ''
[2024-04-18 22:49:46:2728][INFO ][main][SpringbootGraphqlApplication.logStarted] - Started SpringbootGraphqlApplication in 2.672 seconds (process running for 2.918)
[2024-04-18 22:49:47:3049][INFO ][RMI TCP Connection(2)-127.0.0.1][[/].log] - Initializing Spring DispatcherServlet 'dispatcherServlet'
[2024-04-18 22:49:47:3049][INFO ][RMI TCP Connection(2)-127.0.0.1][DispatcherServlet.initServletBean] - Initializing Servlet 'dispatcherServlet'
[2024-04-18 22:49:47:3050][INFO ][RMI TCP Connection(2)-127.0.0.1][DispatcherServlet.initServletBean] - Completed initialization in 1 ms
[2024-04-18 22:49:52:8020][INFO ][http-nio-8888-exec-1][HeaderExtractFilter.doFilterInternal] - ============ Header Start ============
[2024-04-18 22:49:52:8021][INFO ][http-nio-8888-exec-1][HeaderExtractFilter.doFilterInternal] - requestURI[/graphiql]
[2024-04-18 22:49:52:8021][INFO ][http-nio-8888-exec-1][HeaderExtractFilter.doFilterInternal] - authorization[null]
[2024-04-18 22:49:52:8021][INFO ][http-nio-8888-exec-1][HeaderExtractFilter.doFilterInternal] - contentType[null]
[2024-04-18 22:49:52:8021][INFO ][http-nio-8888-exec-1][HeaderExtractFilter.doFilterInternal] - ============= Header End =============
[2024-04-18 22:49:52:8331][INFO ][http-nio-8888-exec-2][HeaderExtractFilter.doFilterInternal] - ============ Header Start ============
[2024-04-18 22:49:52:8331][INFO ][http-nio-8888-exec-2][HeaderExtractFilter.doFilterInternal] - requestURI[/graphql]
[2024-04-18 22:49:52:8332][INFO ][http-nio-8888-exec-2][HeaderExtractFilter.doFilterInternal] - authorization[null]
[2024-04-18 22:49:52:8332][INFO ][http-nio-8888-exec-2][HeaderExtractFilter.doFilterInternal] - contentType[application/json]
[2024-04-18 22:49:52:8332][INFO ][http-nio-8888-exec-2][HeaderExtractFilter.doFilterInternal] - ============= Header End =============
[2024-04-18 22:56:44:420331][INFO ][SpringApplicationShutdownHook][LocalContainerEntityManagerFactoryBean.destroy] - Closing JPA EntityManagerFactory for persistence unit 'default'
[2024-04-18 22:56:44:420338][INFO ][SpringApplicationShutdownHook][HikariDataSource.close] - HikariPool-1 - Shutdown initiated...
[2024-04-18 22:56:44:420343][INFO ][SpringApplicationShutdownHook][HikariDataSource.close] - HikariPool-1 - Shutdown completed.
[2024-04-18 22:56:49:317][INFO ][Test worker][PostEndpointTest.logStarting] - Starting PostEndpointTest using Java 21.0.1 with PID 39507 (started by 2dongyeop in /Users/2dongyeop/Developments/springboot-graphql)
[2024-04-18 22:56:49:318][INFO ][Test worker][PostEndpointTest.logStartupProfileInfo] - No active profile set, falling back to 1 default profile: "default"
[2024-04-18 22:56:49:736][INFO ][Test worker][RepositoryConfigurationDelegate.registerRepositoriesIn] - Bootstrapping Spring Data JPA repositories in DEFAULT mode.
[2024-04-18 22:56:49:806][INFO ][Test worker][RepositoryConfigurationDelegate.registerRepositoriesIn] - Finished Spring Data repository scanning in 66 ms. Found 3 JPA repository interfaces.
[2024-04-18 22:56:50:1203][INFO ][Test worker][TomcatWebServer.initialize] - Tomcat initialized with port 0 (http)
[2024-04-18 22:56:50:1209][INFO ][Test worker][StandardService.log] - Starting service [Tomcat]
[2024-04-18 22:56:50:1210][INFO ][Test worker][StandardEngine.log] - Starting Servlet engine: [Apache Tomcat/10.1.19]
[2024-04-18 22:56:50:1239][INFO ][Test worker][[/].log] - Initializing Spring embedded WebApplicationContext
[2024-04-18 22:56:50:1239][INFO ][Test worker][ServletWebServerApplicationContext.prepareWebApplicationContext] - Root WebApplicationContext: initialization completed in 913 ms
[2024-04-18 22:56:50:1309][INFO ][Test worker][HikariDataSource.getConnection] - HikariPool-1 - Starting...
[2024-04-18 22:56:50:1402][INFO ][Test worker][HikariPool.checkFailFast] - HikariPool-1 - Added connection conn0: url=jdbc:h2:mem:testdb user=SA
[2024-04-18 22:56:50:1403][INFO ][Test worker][HikariDataSource.getConnection] - HikariPool-1 - Start completed.
[2024-04-18 22:56:50:1409][INFO ][Test worker][H2ConsoleAutoConfiguration.logDataSources] - H2 console available at '/h2-console'. Database available at 'jdbc:h2:mem:testdb'
[2024-04-18 22:56:50:1508][INFO ][Test worker][LogHelper.logPersistenceUnitInformation] - HHH000204: Processing PersistenceUnitInfo [name: default]
[2024-04-18 22:56:50:1534][INFO ][Test worker][Version.logVersion] - HHH000412: Hibernate ORM core version 6.4.4.Final
[2024-04-18 22:56:50:1549][INFO ][Test worker][RegionFactoryInitiator.initiateService] - HHH000026: Second-level cache disabled
[2024-04-18 22:56:50:1649][INFO ][Test worker][SpringPersistenceUnitInfo.addTransformer] - No LoadTimeWeaver setup: ignoring JPA class transformer
[2024-04-18 22:56:50:1669][WARN ][Test worker][deprecation.constructDialect] - HHH90000025: H2Dialect does not need to be specified explicitly using 'hibernate.dialect' (remove the property setting and it will be selected by default)
[2024-04-18 22:56:50:2110][INFO ][Test worker][JtaPlatformInitiator.initiateService] - HHH000489: No JTA platform available (set 'hibernate.transaction.jta.platform' to enable JTA platform integration)
[2024-04-18 22:56:50:2117][DEBUG][Test worker][SQL.logStatement] - 
    drop table if exists comment cascade 
[2024-04-18 22:56:50:2119][DEBUG][Test worker][SQL.logStatement] - 
    drop table if exists post cascade 
[2024-04-18 22:56:50:2120][DEBUG][Test worker][SQL.logStatement] - 
    drop table if exists users cascade 
[2024-04-18 22:56:51:2122][DEBUG][Test worker][SQL.logStatement] - 
    create table comment (
        id bigint generated by default as identity,
        post_id bigint,
        user_id bigint,
        content varchar(255),
        primary key (id)
    )
[2024-04-18 22:56:51:2126][DEBUG][Test worker][SQL.logStatement] - 
    create table post (
        id bigint generated by default as identity,
        user_id bigint,
        views bigint,
        content varchar(255),
        title varchar(255),
        primary key (id)
    )
[2024-04-18 22:56:51:2127][DEBUG][Test worker][SQL.logStatement] - 
    create table users (
        id bigint generated by default as identity,
        name varchar(255),
        password varchar(255),
        phone_number varchar(255),
        primary key (id)
    )
[2024-04-18 22:56:51:2129][DEBUG][Test worker][SQL.logStatement] - 
    alter table if exists comment 
       add constraint FKs1slvnkuemjsq2kj4h3vhx7i1 
       foreign key (post_id) 
       references post
[2024-04-18 22:56:51:2141][DEBUG][Test worker][SQL.logStatement] - 
    alter table if exists comment 
       add constraint FKqm52p1v3o13hy268he0wcngr5 
       foreign key (user_id) 
       references users
[2024-04-18 22:56:51:2142][DEBUG][Test worker][SQL.logStatement] - 
    alter table if exists post 
       add constraint FK7ky67sgi7k0ayf22652f7763r 
       foreign key (user_id) 
       references users
[2024-04-18 22:56:51:2146][INFO ][Test worker][LocalContainerEntityManagerFactoryBean.buildNativeEntityManagerFactory] - Initialized JPA EntityManagerFactory for persistence unit 'default'
[2024-04-18 22:56:51:2459][WARN ][Test worker][JpaBaseConfiguration$JpaWebConfiguration.openEntityManagerInViewInterceptor] - spring.jpa.open-in-view is enabled by default. Therefore, database queries may be performed during view rendering. Explicitly configure spring.jpa.open-in-view to disable this warning
[2024-04-18 22:56:51:2686][INFO ][Test worker][DefaultSchemaResourceGraphQlSourceBuilder.initGraphQlSchema] - Loaded 1 resource(s) in the GraphQL schema.
[2024-04-18 22:56:51:2774][INFO ][Test worker][GraphQlAutoConfiguration.lambda$initGraphQlSchema$1] - GraphQL schema inspection:
	Unmapped fields: {}
	Unmapped registrations: {}
	Skipped types: []
[2024-04-18 22:56:51:2786][INFO ][Test worker][GraphQlWebMvcAutoConfiguration.graphQlRouterFunction] - GraphQL endpoint HTTP POST /graphql
[2024-04-18 22:56:51:2999][INFO ][Test worker][EndpointLinksResolver.<init>] - Exposing 1 endpoint(s) beneath base path '/actuator'
[2024-04-18 22:56:51:3044][INFO ][Test worker][TomcatWebServer.start] - Tomcat started on port 50469 (http) with context path ''
[2024-04-18 22:56:51:3057][INFO ][Test worker][PostEndpointTest.logStarted] - Started PostEndpointTest in 2.878 seconds (process running for 3.395)
[2024-04-18 22:56:52:3608][INFO ][http-nio-auto-1-exec-1][[/].log] - Initializing Spring DispatcherServlet 'dispatcherServlet'
[2024-04-18 22:56:52:3608][INFO ][http-nio-auto-1-exec-1][DispatcherServlet.initServletBean] - Initializing Servlet 'dispatcherServlet'
[2024-04-18 22:56:52:3609][INFO ][http-nio-auto-1-exec-1][DispatcherServlet.initServletBean] - Completed initialization in 1 ms
[2024-04-18 22:56:52:3615][INFO ][http-nio-auto-1-exec-1][HeaderExtractFilter.doFilterInternal] - ============ Header Start ============
[2024-04-18 22:56:52:3615][INFO ][http-nio-auto-1-exec-1][HeaderExtractFilter.doFilterInternal] - requestURI[/graphql]
[2024-04-18 22:56:52:3615][INFO ][http-nio-auto-1-exec-1][HeaderExtractFilter.doFilterInternal] - authorization[null]
[2024-04-18 22:56:52:3615][INFO ][http-nio-auto-1-exec-1][HeaderExtractFilter.doFilterInternal] - contentType[application/json]
[2024-04-18 22:56:52:3616][INFO ][http-nio-auto-1-exec-1][HeaderExtractFilter.doFilterInternal] - ============= Header End =============
[2024-04-18 22:56:52:3737][DEBUG][http-nio-auto-1-exec-1][SQL.logStatement] - 
    select
        p1_0.id,
        p1_0.user_id,
        p1_0.content,
        p1_0.title,
        p1_0.views 
    from
        post p1_0
[2024-04-18 22:56:52:3853][INFO ][SpringApplicationShutdownHook][LocalContainerEntityManagerFactoryBean.destroy] - Closing JPA EntityManagerFactory for persistence unit 'default'
[2024-04-18 22:56:52:3855][INFO ][SpringApplicationShutdownHook][HikariDataSource.close] - HikariPool-1 - Shutdown initiated...
[2024-04-18 22:56:52:3858][INFO ][SpringApplicationShutdownHook][HikariDataSource.close] - HikariPool-1 - Shutdown completed.
