[2024-04-18 21:24:18:250][INFO ][main][SpringbootGraphqlApplication.logStarting] - Starting SpringbootGraphqlApplication using Java 21.0.1 with PID 32932 (/Users/2dongyeop/Developments/springboot-graphql/build/classes/java/main started by 2dongyeop in /Users/2dongyeop/Developments/springboot-graphql)
[2024-04-18 21:24:18:256][INFO ][main][SpringbootGraphqlApplication.logStartupProfileInfo] - No active profile set, falling back to 1 default profile: "default"
[2024-04-18 21:24:18:664][INFO ][main][RepositoryConfigurationDelegate.registerRepositoriesIn] - Bootstrapping Spring Data JPA repositories in DEFAULT mode.
[2024-04-18 21:24:18:739][INFO ][main][RepositoryConfigurationDelegate.registerRepositoriesIn] - Finished Spring Data repository scanning in 71 ms. Found 3 JPA repository interfaces.
[2024-04-18 21:24:19:1086][INFO ][main][TomcatWebServer.initialize] - Tomcat initialized with port 8888 (http)
[2024-04-18 21:24:19:1091][INFO ][main][StandardService.log] - Starting service [Tomcat]
[2024-04-18 21:24:19:1092][INFO ][main][StandardEngine.log] - Starting Servlet engine: [Apache Tomcat/10.1.19]
[2024-04-18 21:24:19:1114][INFO ][main][[/].log] - Initializing Spring embedded WebApplicationContext
[2024-04-18 21:24:19:1114][INFO ][main][ServletWebServerApplicationContext.prepareWebApplicationContext] - Root WebApplicationContext: initialization completed in 840 ms
[2024-04-18 21:24:19:1177][INFO ][main][HikariDataSource.getConnection] - HikariPool-1 - Starting...
[2024-04-18 21:24:19:1270][INFO ][main][HikariPool.checkFailFast] - HikariPool-1 - Added connection conn0: url=jdbc:h2:mem:testdb user=SA
[2024-04-18 21:24:19:1270][INFO ][main][HikariDataSource.getConnection] - HikariPool-1 - Start completed.
[2024-04-18 21:24:19:1275][INFO ][main][H2ConsoleAutoConfiguration.logDataSources] - H2 console available at '/h2-console'. Database available at 'jdbc:h2:mem:testdb'
[2024-04-18 21:24:19:1368][INFO ][main][LogHelper.logPersistenceUnitInformation] - HHH000204: Processing PersistenceUnitInfo [name: default]
[2024-04-18 21:24:19:1395][INFO ][main][Version.logVersion] - HHH000412: Hibernate ORM core version 6.4.4.Final
[2024-04-18 21:24:19:1415][INFO ][main][RegionFactoryInitiator.initiateService] - HHH000026: Second-level cache disabled
[2024-04-18 21:24:19:1526][INFO ][main][SpringPersistenceUnitInfo.addTransformer] - No LoadTimeWeaver setup: ignoring JPA class transformer
[2024-04-18 21:24:19:1546][WARN ][main][deprecation.constructDialect] - HHH90000025: H2Dialect does not need to be specified explicitly using 'hibernate.dialect' (remove the property setting and it will be selected by default)
[2024-04-18 21:24:20:1958][INFO ][main][JtaPlatformInitiator.initiateService] - HHH000489: No JTA platform available (set 'hibernate.transaction.jta.platform' to enable JTA platform integration)
[2024-04-18 21:24:20:1964][DEBUG][main][SQL.logStatement] - 
    drop table if exists comment cascade 
[2024-04-18 21:24:20:1966][DEBUG][main][SQL.logStatement] - 
    drop table if exists post cascade 
[2024-04-18 21:24:20:1966][DEBUG][main][SQL.logStatement] - 
    drop table if exists users cascade 
[2024-04-18 21:24:20:1969][DEBUG][main][SQL.logStatement] - 
    create table comment (
        id bigint generated by default as identity,
        post_id bigint,
        user_id bigint,
        content varchar(255),
        primary key (id)
    )
[2024-04-18 21:24:20:1972][DEBUG][main][SQL.logStatement] - 
    create table post (
        id bigint generated by default as identity,
        user_id bigint,
        views bigint,
        content varchar(255),
        title varchar(255),
        primary key (id)
    )
[2024-04-18 21:24:20:1973][DEBUG][main][SQL.logStatement] - 
    create table users (
        id bigint generated by default as identity,
        name varchar(255),
        password varchar(255),
        phone_number varchar(255),
        primary key (id)
    )
[2024-04-18 21:24:20:1973][DEBUG][main][SQL.logStatement] - 
    alter table if exists comment 
       add constraint FKs1slvnkuemjsq2kj4h3vhx7i1 
       foreign key (post_id) 
       references post
[2024-04-18 21:24:20:1979][DEBUG][main][SQL.logStatement] - 
    alter table if exists comment 
       add constraint FKqm52p1v3o13hy268he0wcngr5 
       foreign key (user_id) 
       references users
[2024-04-18 21:24:20:1980][DEBUG][main][SQL.logStatement] - 
    alter table if exists post 
       add constraint FK7ky67sgi7k0ayf22652f7763r 
       foreign key (user_id) 
       references users
[2024-04-18 21:24:20:1981][INFO ][main][LocalContainerEntityManagerFactoryBean.buildNativeEntityManagerFactory] - Initialized JPA EntityManagerFactory for persistence unit 'default'
[2024-04-18 21:24:20:2205][WARN ][main][JpaBaseConfiguration$JpaWebConfiguration.openEntityManagerInViewInterceptor] - spring.jpa.open-in-view is enabled by default. Therefore, database queries may be performed during view rendering. Explicitly configure spring.jpa.open-in-view to disable this warning
[2024-04-18 21:24:20:2450][INFO ][main][DefaultSchemaResourceGraphQlSourceBuilder.initGraphQlSchema] - Loaded 1 resource(s) in the GraphQL schema.
[2024-04-18 21:24:20:2528][INFO ][main][GraphQlAutoConfiguration.lambda$initGraphQlSchema$1] - GraphQL schema inspection:
	Unmapped fields: {Mutation=[viewPosst]}
	Unmapped registrations: {Mutation.viewPost=PostEndpoint#viewPost[1 args]}
	Skipped types: []
[2024-04-18 21:24:20:2537][INFO ][main][GraphQlWebMvcAutoConfiguration.graphQlRouterFunction] - GraphQL endpoint HTTP POST /graphql
[2024-04-18 21:24:20:2784][INFO ][main][EndpointLinksResolver.<init>] - Exposing 1 endpoint(s) beneath base path '/actuator'
[2024-04-18 21:24:21:2825][INFO ][main][TomcatWebServer.start] - Tomcat started on port 8888 (http) with context path ''
[2024-04-18 21:24:21:2833][INFO ][main][SpringbootGraphqlApplication.logStarted] - Started SpringbootGraphqlApplication in 2.771 seconds (process running for 3.254)
[2024-04-18 21:24:21:3334][INFO ][RMI TCP Connection(2)-127.0.0.1][[/].log] - Initializing Spring DispatcherServlet 'dispatcherServlet'
[2024-04-18 21:24:21:3334][INFO ][RMI TCP Connection(2)-127.0.0.1][DispatcherServlet.initServletBean] - Initializing Servlet 'dispatcherServlet'
[2024-04-18 21:24:21:3335][INFO ][RMI TCP Connection(2)-127.0.0.1][DispatcherServlet.initServletBean] - Completed initialization in 1 ms
[2024-04-18 21:24:40:22428][INFO ][http-nio-8888-exec-1][HeaderExtractFilter.doFilterInternal] - ============ Header Start ============
[2024-04-18 21:24:40:22428][INFO ][http-nio-8888-exec-1][HeaderExtractFilter.doFilterInternal] - requestURI[/graphiql]
[2024-04-18 21:24:40:22429][INFO ][http-nio-8888-exec-1][HeaderExtractFilter.doFilterInternal] - authorization[null]
[2024-04-18 21:24:40:22429][INFO ][http-nio-8888-exec-1][HeaderExtractFilter.doFilterInternal] - contentType[null]
[2024-04-18 21:24:40:22429][INFO ][http-nio-8888-exec-1][HeaderExtractFilter.doFilterInternal] - ============= Header End =============
[2024-04-18 21:24:40:22467][INFO ][http-nio-8888-exec-2][HeaderExtractFilter.doFilterInternal] - ============ Header Start ============
[2024-04-18 21:24:40:22467][INFO ][http-nio-8888-exec-2][HeaderExtractFilter.doFilterInternal] - requestURI[/graphiql]
[2024-04-18 21:24:40:22467][INFO ][http-nio-8888-exec-2][HeaderExtractFilter.doFilterInternal] - authorization[null]
[2024-04-18 21:24:40:22467][INFO ][http-nio-8888-exec-2][HeaderExtractFilter.doFilterInternal] - contentType[null]
[2024-04-18 21:24:40:22467][INFO ][http-nio-8888-exec-2][HeaderExtractFilter.doFilterInternal] - ============= Header End =============
[2024-04-18 21:24:41:23487][INFO ][http-nio-8888-exec-3][HeaderExtractFilter.doFilterInternal] - ============ Header Start ============
[2024-04-18 21:24:41:23487][INFO ][http-nio-8888-exec-3][HeaderExtractFilter.doFilterInternal] - requestURI[/graphql]
[2024-04-18 21:24:41:23487][INFO ][http-nio-8888-exec-3][HeaderExtractFilter.doFilterInternal] - authorization[null]
[2024-04-18 21:24:41:23487][INFO ][http-nio-8888-exec-3][HeaderExtractFilter.doFilterInternal] - contentType[application/json]
[2024-04-18 21:24:41:23487][INFO ][http-nio-8888-exec-3][HeaderExtractFilter.doFilterInternal] - ============= Header End =============
[2024-04-18 21:25:07:48917][INFO ][http-nio-8888-exec-4][HeaderExtractFilter.doFilterInternal] - ============ Header Start ============
[2024-04-18 21:25:07:48917][INFO ][http-nio-8888-exec-4][HeaderExtractFilter.doFilterInternal] - requestURI[/graphql]
[2024-04-18 21:25:07:48917][INFO ][http-nio-8888-exec-4][HeaderExtractFilter.doFilterInternal] - authorization[null]
[2024-04-18 21:25:07:48917][INFO ][http-nio-8888-exec-4][HeaderExtractFilter.doFilterInternal] - contentType[application/json]
[2024-04-18 21:25:07:48917][INFO ][http-nio-8888-exec-4][HeaderExtractFilter.doFilterInternal] - ============= Header End =============
[2024-04-18 21:25:16:58139][INFO ][SpringApplicationShutdownHook][LocalContainerEntityManagerFactoryBean.destroy] - Closing JPA EntityManagerFactory for persistence unit 'default'
[2024-04-18 21:25:16:58140][INFO ][SpringApplicationShutdownHook][HikariDataSource.close] - HikariPool-1 - Shutdown initiated...
[2024-04-18 21:25:16:58142][INFO ][SpringApplicationShutdownHook][HikariDataSource.close] - HikariPool-1 - Shutdown completed.
