[2024-04-13 22:17:42:336][INFO ][Test worker][SpringbootGraphqlApplicationTests.logStarting] - Starting SpringbootGraphqlApplicationTests using Java 21.0.1 with PID 68607 (started by 2dongyeop in /Users/2dongyeop/Developments/springboot-graphql)
[2024-04-13 22:17:42:337][INFO ][Test worker][SpringbootGraphqlApplicationTests.logStartupProfileInfo] - No active profile set, falling back to 1 default profile: "default"
[2024-04-13 22:17:42:678][INFO ][Test worker][RepositoryConfigurationDelegate.registerRepositoriesIn] - Bootstrapping Spring Data JPA repositories in DEFAULT mode.
[2024-04-13 22:17:43:752][INFO ][Test worker][RepositoryConfigurationDelegate.registerRepositoriesIn] - Finished Spring Data repository scanning in 70 ms. Found 3 JPA repository interfaces.
[2024-04-13 22:17:43:1035][INFO ][Test worker][LogHelper.logPersistenceUnitInformation] - HHH000204: Processing PersistenceUnitInfo [name: default]
[2024-04-13 22:17:43:1061][INFO ][Test worker][Version.logVersion] - HHH000412: Hibernate ORM core version 6.4.4.Final
[2024-04-13 22:17:43:1078][INFO ][Test worker][RegionFactoryInitiator.initiateService] - HHH000026: Second-level cache disabled
[2024-04-13 22:17:43:1183][INFO ][Test worker][SpringPersistenceUnitInfo.addTransformer] - No LoadTimeWeaver setup: ignoring JPA class transformer
[2024-04-13 22:17:43:1196][INFO ][Test worker][HikariDataSource.getConnection] - HikariPool-1 - Starting...
[2024-04-13 22:17:43:1335][INFO ][Test worker][HikariPool.checkFailFast] - HikariPool-1 - Added connection conn0: url=jdbc:h2:mem:testdb user=SA
[2024-04-13 22:17:43:1346][INFO ][Test worker][HikariDataSource.getConnection] - HikariPool-1 - Start completed.
[2024-04-13 22:17:43:1389][WARN ][Test worker][deprecation.constructDialect] - HHH90000025: H2Dialect does not need to be specified explicitly using 'hibernate.dialect' (remove the property setting and it will be selected by default)
[2024-04-13 22:17:44:1849][INFO ][Test worker][JtaPlatformInitiator.initiateService] - HHH000489: No JTA platform available (set 'hibernate.transaction.jta.platform' to enable JTA platform integration)
[2024-04-13 22:17:44:1856][DEBUG][Test worker][SQL.logStatement] - 
    drop table if exists comment cascade 
[2024-04-13 22:17:44:1859][DEBUG][Test worker][SQL.logStatement] - 
    drop table if exists post cascade 
[2024-04-13 22:17:44:1859][DEBUG][Test worker][SQL.logStatement] - 
    drop table if exists users cascade 
[2024-04-13 22:17:44:1862][DEBUG][Test worker][SQL.logStatement] - 
    create table comment (
        id bigint generated by default as identity,
        post_id bigint,
        user_id bigint,
        content varchar(255),
        primary key (id)
    )
[2024-04-13 22:17:44:1866][DEBUG][Test worker][SQL.logStatement] - 
    create table post (
        id bigint generated by default as identity,
        user_id bigint,
        views bigint,
        content varchar(255),
        title varchar(255),
        primary key (id)
    )
[2024-04-13 22:17:44:1868][DEBUG][Test worker][SQL.logStatement] - 
    create table users (
        id bigint generated by default as identity,
        name varchar(255),
        password varchar(255),
        phone_number varchar(255),
        primary key (id)
    )
[2024-04-13 22:17:44:1869][DEBUG][Test worker][SQL.logStatement] - 
    alter table if exists comment 
       add constraint FKs1slvnkuemjsq2kj4h3vhx7i1 
       foreign key (post_id) 
       references post
[2024-04-13 22:17:44:1876][DEBUG][Test worker][SQL.logStatement] - 
    alter table if exists comment 
       add constraint FKqm52p1v3o13hy268he0wcngr5 
       foreign key (user_id) 
       references users
[2024-04-13 22:17:44:1877][DEBUG][Test worker][SQL.logStatement] - 
    alter table if exists post 
       add constraint FK7ky67sgi7k0ayf22652f7763r 
       foreign key (user_id) 
       references users
[2024-04-13 22:17:44:1880][INFO ][Test worker][LocalContainerEntityManagerFactoryBean.buildNativeEntityManagerFactory] - Initialized JPA EntityManagerFactory for persistence unit 'default'
[2024-04-13 22:17:44:2191][WARN ][Test worker][JpaBaseConfiguration$JpaWebConfiguration.openEntityManagerInViewInterceptor] - spring.jpa.open-in-view is enabled by default. Therefore, database queries may be performed during view rendering. Explicitly configure spring.jpa.open-in-view to disable this warning
[2024-04-13 22:17:44:2397][INFO ][Test worker][DefaultSchemaResourceGraphQlSourceBuilder.initGraphQlSchema] - Loaded 1 resource(s) in the GraphQL schema.
[2024-04-13 22:17:44:2479][INFO ][Test worker][GraphQlAutoConfiguration.lambda$initGraphQlSchema$1] - GraphQL schema inspection:
	Unmapped fields: {}
	Unmapped registrations: {}
	Skipped types: []
[2024-04-13 22:17:44:2489][INFO ][Test worker][GraphQlWebMvcAutoConfiguration.graphQlRouterFunction] - GraphQL endpoint HTTP POST /graphql
[2024-04-13 22:17:44:2555][INFO ][Test worker][H2ConsoleAutoConfiguration.logDataSources] - H2 console available at '/h2-console'. Database available at 'jdbc:h2:mem:testdb'
[2024-04-13 22:17:44:2602][INFO ][Test worker][SpringbootGraphqlApplicationTests.logStarted] - Started SpringbootGraphqlApplicationTests in 2.437 seconds (process running for 3.002)
[2024-04-13 22:17:45:2944][INFO ][SpringApplicationShutdownHook][LocalContainerEntityManagerFactoryBean.destroy] - Closing JPA EntityManagerFactory for persistence unit 'default'
[2024-04-13 22:17:45:2947][INFO ][SpringApplicationShutdownHook][HikariDataSource.close] - HikariPool-1 - Shutdown initiated...
[2024-04-13 22:17:45:2949][INFO ][SpringApplicationShutdownHook][HikariDataSource.close] - HikariPool-1 - Shutdown completed.
[2024-04-13 22:27:43:275][INFO ][main][SpringbootGraphqlApplication.logStarting] - Starting SpringbootGraphqlApplication using Java 21.0.1 with PID 82182 (/Users/2dongyeop/Developments/springboot-graphql/build/classes/java/main started by 2dongyeop in /Users/2dongyeop/Developments/springboot-graphql)
[2024-04-13 22:27:43:276][INFO ][main][SpringbootGraphqlApplication.logStartupProfileInfo] - No active profile set, falling back to 1 default profile: "default"
[2024-04-13 22:27:44:578][INFO ][main][RepositoryConfigurationDelegate.registerRepositoriesIn] - Bootstrapping Spring Data JPA repositories in DEFAULT mode.
[2024-04-13 22:27:44:651][INFO ][main][RepositoryConfigurationDelegate.registerRepositoriesIn] - Finished Spring Data repository scanning in 69 ms. Found 3 JPA repository interfaces.
[2024-04-13 22:27:44:911][INFO ][main][TomcatWebServer.initialize] - Tomcat initialized with port 8888 (http)
[2024-04-13 22:27:44:917][INFO ][main][StandardService.log] - Starting service [Tomcat]
[2024-04-13 22:27:44:917][INFO ][main][StandardEngine.log] - Starting Servlet engine: [Apache Tomcat/10.1.19]
[2024-04-13 22:27:44:938][INFO ][main][[/].log] - Initializing Spring embedded WebApplicationContext
[2024-04-13 22:27:44:938][INFO ][main][ServletWebServerApplicationContext.prepareWebApplicationContext] - Root WebApplicationContext: initialization completed in 640 ms
[2024-04-13 22:27:44:954][INFO ][main][HikariDataSource.getConnection] - HikariPool-1 - Starting...
[2024-04-13 22:27:44:1096][INFO ][main][HikariPool.checkFailFast] - HikariPool-1 - Added connection conn0: url=jdbc:h2:mem:testdb user=SA
[2024-04-13 22:27:44:1097][INFO ][main][HikariDataSource.getConnection] - HikariPool-1 - Start completed.
[2024-04-13 22:27:44:1103][INFO ][main][H2ConsoleAutoConfiguration.logDataSources] - H2 console available at '/h2-console'. Database available at 'jdbc:h2:mem:testdb'
[2024-04-13 22:27:44:1164][INFO ][main][LogHelper.logPersistenceUnitInformation] - HHH000204: Processing PersistenceUnitInfo [name: default]
[2024-04-13 22:27:44:1191][INFO ][main][Version.logVersion] - HHH000412: Hibernate ORM core version 6.4.4.Final
[2024-04-13 22:27:44:1206][INFO ][main][RegionFactoryInitiator.initiateService] - HHH000026: Second-level cache disabled
[2024-04-13 22:27:44:1326][INFO ][main][SpringPersistenceUnitInfo.addTransformer] - No LoadTimeWeaver setup: ignoring JPA class transformer
[2024-04-13 22:27:44:1346][WARN ][main][deprecation.constructDialect] - HHH90000025: H2Dialect does not need to be specified explicitly using 'hibernate.dialect' (remove the property setting and it will be selected by default)
[2024-04-13 22:27:45:1815][INFO ][main][JtaPlatformInitiator.initiateService] - HHH000489: No JTA platform available (set 'hibernate.transaction.jta.platform' to enable JTA platform integration)
[2024-04-13 22:27:45:1821][DEBUG][main][SQL.logStatement] - 
    drop table if exists comment cascade 
[2024-04-13 22:27:45:1823][DEBUG][main][SQL.logStatement] - 
    drop table if exists post cascade 
[2024-04-13 22:27:45:1823][DEBUG][main][SQL.logStatement] - 
    drop table if exists users cascade 
[2024-04-13 22:27:45:1825][DEBUG][main][SQL.logStatement] - 
    create table comment (
        id bigint generated by default as identity,
        post_id bigint,
        user_id bigint,
        content varchar(255),
        primary key (id)
    )
[2024-04-13 22:27:45:1829][DEBUG][main][SQL.logStatement] - 
    create table post (
        id bigint generated by default as identity,
        user_id bigint,
        views bigint,
        content varchar(255),
        title varchar(255),
        primary key (id)
    )
[2024-04-13 22:27:45:1829][DEBUG][main][SQL.logStatement] - 
    create table users (
        id bigint generated by default as identity,
        name varchar(255),
        password varchar(255),
        phone_number varchar(255),
        primary key (id)
    )
[2024-04-13 22:27:45:1830][DEBUG][main][SQL.logStatement] - 
    alter table if exists comment 
       add constraint FKs1slvnkuemjsq2kj4h3vhx7i1 
       foreign key (post_id) 
       references post
[2024-04-13 22:27:45:1839][DEBUG][main][SQL.logStatement] - 
    alter table if exists comment 
       add constraint FKqm52p1v3o13hy268he0wcngr5 
       foreign key (user_id) 
       references users
[2024-04-13 22:27:45:1840][DEBUG][main][SQL.logStatement] - 
    alter table if exists post 
       add constraint FK7ky67sgi7k0ayf22652f7763r 
       foreign key (user_id) 
       references users
[2024-04-13 22:27:45:1842][INFO ][main][LocalContainerEntityManagerFactoryBean.buildNativeEntityManagerFactory] - Initialized JPA EntityManagerFactory for persistence unit 'default'
[2024-04-13 22:27:45:2019][WARN ][main][JpaBaseConfiguration$JpaWebConfiguration.openEntityManagerInViewInterceptor] - spring.jpa.open-in-view is enabled by default. Therefore, database queries may be performed during view rendering. Explicitly configure spring.jpa.open-in-view to disable this warning
[2024-04-13 22:27:45:2214][INFO ][main][DefaultSchemaResourceGraphQlSourceBuilder.initGraphQlSchema] - Loaded 1 resource(s) in the GraphQL schema.
[2024-04-13 22:27:45:2298][INFO ][main][GraphQlAutoConfiguration.lambda$initGraphQlSchema$1] - GraphQL schema inspection:
	Unmapped fields: {}
	Unmapped registrations: {}
	Skipped types: []
[2024-04-13 22:27:45:2309][INFO ][main][GraphQlWebMvcAutoConfiguration.graphQlRouterFunction] - GraphQL endpoint HTTP POST /graphql
[2024-04-13 22:27:46:2412][INFO ][main][TomcatWebServer.start] - Tomcat started on port 8888 (http) with context path ''
[2024-04-13 22:27:46:2416][INFO ][main][SpringbootGraphqlApplication.logStarted] - Started SpringbootGraphqlApplication in 2.35 seconds (process running for 2.88)
[2024-04-13 22:34:17:394316][INFO ][SpringApplicationShutdownHook][LocalContainerEntityManagerFactoryBean.destroy] - Closing JPA EntityManagerFactory for persistence unit 'default'
[2024-04-13 22:34:17:394319][INFO ][SpringApplicationShutdownHook][HikariDataSource.close] - HikariPool-1 - Shutdown initiated...
[2024-04-13 22:34:17:394322][INFO ][SpringApplicationShutdownHook][HikariDataSource.close] - HikariPool-1 - Shutdown completed.
[2024-04-13 22:52:11:334][INFO ][main][SpringbootGraphqlApplication.logStarting] - Starting SpringbootGraphqlApplication using Java 21.0.1 with PID 84656 (/Users/2dongyeop/Developments/springboot-graphql/build/classes/java/main started by 2dongyeop in /Users/2dongyeop/Developments/springboot-graphql)
[2024-04-13 22:52:11:335][INFO ][main][SpringbootGraphqlApplication.logStartupProfileInfo] - No active profile set, falling back to 1 default profile: "default"
[2024-04-13 22:52:11:808][INFO ][main][RepositoryConfigurationDelegate.registerRepositoriesIn] - Bootstrapping Spring Data JPA repositories in DEFAULT mode.
[2024-04-13 22:52:12:883][INFO ][main][RepositoryConfigurationDelegate.registerRepositoriesIn] - Finished Spring Data repository scanning in 72 ms. Found 3 JPA repository interfaces.
[2024-04-13 22:52:12:1282][INFO ][main][TomcatWebServer.initialize] - Tomcat initialized with port 8888 (http)
[2024-04-13 22:52:12:1290][INFO ][main][StandardService.log] - Starting service [Tomcat]
[2024-04-13 22:52:12:1290][INFO ][main][StandardEngine.log] - Starting Servlet engine: [Apache Tomcat/10.1.19]
[2024-04-13 22:52:12:1315][INFO ][main][[/].log] - Initializing Spring embedded WebApplicationContext
[2024-04-13 22:52:12:1316][INFO ][main][ServletWebServerApplicationContext.prepareWebApplicationContext] - Root WebApplicationContext: initialization completed in 957 ms
[2024-04-13 22:52:12:1384][INFO ][main][HikariDataSource.getConnection] - HikariPool-1 - Starting...
[2024-04-13 22:52:12:1490][INFO ][main][HikariPool.checkFailFast] - HikariPool-1 - Added connection conn0: url=jdbc:h2:mem:testdb user=SA
[2024-04-13 22:52:12:1492][INFO ][main][HikariDataSource.getConnection] - HikariPool-1 - Start completed.
[2024-04-13 22:52:12:1498][INFO ][main][H2ConsoleAutoConfiguration.logDataSources] - H2 console available at '/h2-console'. Database available at 'jdbc:h2:mem:testdb'
[2024-04-13 22:52:12:1603][INFO ][main][LogHelper.logPersistenceUnitInformation] - HHH000204: Processing PersistenceUnitInfo [name: default]
[2024-04-13 22:52:12:1638][INFO ][main][Version.logVersion] - HHH000412: Hibernate ORM core version 6.4.4.Final
[2024-04-13 22:52:12:1655][INFO ][main][RegionFactoryInitiator.initiateService] - HHH000026: Second-level cache disabled
[2024-04-13 22:52:13:1910][INFO ][main][SpringPersistenceUnitInfo.addTransformer] - No LoadTimeWeaver setup: ignoring JPA class transformer
[2024-04-13 22:52:13:1972][WARN ][main][deprecation.constructDialect] - HHH90000025: H2Dialect does not need to be specified explicitly using 'hibernate.dialect' (remove the property setting and it will be selected by default)
[2024-04-13 22:52:13:2474][INFO ][main][JtaPlatformInitiator.initiateService] - HHH000489: No JTA platform available (set 'hibernate.transaction.jta.platform' to enable JTA platform integration)
[2024-04-13 22:52:13:2483][DEBUG][main][SQL.logStatement] - 
    drop table if exists comment cascade 
[2024-04-13 22:52:13:2485][DEBUG][main][SQL.logStatement] - 
    drop table if exists post cascade 
[2024-04-13 22:52:13:2485][DEBUG][main][SQL.logStatement] - 
    drop table if exists users cascade 
[2024-04-13 22:52:13:2488][DEBUG][main][SQL.logStatement] - 
    create table comment (
        id bigint generated by default as identity,
        post_id bigint,
        user_id bigint,
        content varchar(255),
        primary key (id)
    )
[2024-04-13 22:52:13:2492][DEBUG][main][SQL.logStatement] - 
    create table post (
        id bigint generated by default as identity,
        user_id bigint,
        views bigint,
        content varchar(255),
        title varchar(255),
        primary key (id)
    )
[2024-04-13 22:52:13:2492][DEBUG][main][SQL.logStatement] - 
    create table users (
        id bigint generated by default as identity,
        name varchar(255),
        password varchar(255),
        phone_number varchar(255),
        primary key (id)
    )
[2024-04-13 22:52:13:2493][DEBUG][main][SQL.logStatement] - 
    alter table if exists comment 
       add constraint FKs1slvnkuemjsq2kj4h3vhx7i1 
       foreign key (post_id) 
       references post
[2024-04-13 22:52:13:2500][DEBUG][main][SQL.logStatement] - 
    alter table if exists comment 
       add constraint FKqm52p1v3o13hy268he0wcngr5 
       foreign key (user_id) 
       references users
[2024-04-13 22:52:13:2501][DEBUG][main][SQL.logStatement] - 
    alter table if exists post 
       add constraint FK7ky67sgi7k0ayf22652f7763r 
       foreign key (user_id) 
       references users
[2024-04-13 22:52:13:2503][INFO ][main][LocalContainerEntityManagerFactoryBean.buildNativeEntityManagerFactory] - Initialized JPA EntityManagerFactory for persistence unit 'default'
[2024-04-13 22:52:13:2779][WARN ][main][JpaBaseConfiguration$JpaWebConfiguration.openEntityManagerInViewInterceptor] - spring.jpa.open-in-view is enabled by default. Therefore, database queries may be performed during view rendering. Explicitly configure spring.jpa.open-in-view to disable this warning
[2024-04-13 22:52:14:3053][INFO ][main][DefaultSchemaResourceGraphQlSourceBuilder.initGraphQlSchema] - Loaded 1 resource(s) in the GraphQL schema.
[2024-04-13 22:52:14:3140][INFO ][main][GraphQlAutoConfiguration.lambda$initGraphQlSchema$1] - GraphQL schema inspection:
	Unmapped fields: {}
	Unmapped registrations: {}
	Skipped types: []
[2024-04-13 22:52:14:3149][INFO ][main][GraphQlWebMvcAutoConfiguration.graphQlRouterFunction] - GraphQL endpoint HTTP POST /graphql
[2024-04-13 22:52:14:3448][INFO ][main][EndpointLinksResolver.<init>] - Exposing 1 endpoint(s) beneath base path '/actuator'
[2024-04-13 22:52:14:3505][INFO ][main][TomcatWebServer.start] - Tomcat started on port 8888 (http) with context path ''
[2024-04-13 22:52:14:3514][INFO ][main][SpringbootGraphqlApplication.logStarted] - Started SpringbootGraphqlApplication in 3.403 seconds (process running for 4.069)
[2024-04-13 22:52:14:3798][INFO ][RMI TCP Connection(2)-127.0.0.1][[/].log] - Initializing Spring DispatcherServlet 'dispatcherServlet'
[2024-04-13 22:52:14:3798][INFO ][RMI TCP Connection(2)-127.0.0.1][DispatcherServlet.initServletBean] - Initializing Servlet 'dispatcherServlet'
[2024-04-13 22:52:14:3800][INFO ][RMI TCP Connection(2)-127.0.0.1][DispatcherServlet.initServletBean] - Completed initialization in 1 ms
[2024-04-13 22:52:19:7941][INFO ][http-nio-8888-exec-1][HeaderExtractFilter.doFilterInternal] - ============ Header Start ============
[2024-04-13 22:52:19:7941][INFO ][http-nio-8888-exec-1][HeaderExtractFilter.doFilterInternal] - requestURI[/health]
[2024-04-13 22:52:19:7941][INFO ][http-nio-8888-exec-1][HeaderExtractFilter.doFilterInternal] - authorization[null]
[2024-04-13 22:52:19:7941][INFO ][http-nio-8888-exec-1][HeaderExtractFilter.doFilterInternal] - contentType[null]
[2024-04-13 22:52:19:7941][INFO ][http-nio-8888-exec-1][HeaderExtractFilter.doFilterInternal] - ============= Header End =============
[2024-04-13 22:52:24:13103][INFO ][http-nio-8888-exec-3][HeaderExtractFilter.doFilterInternal] - ============ Header Start ============
[2024-04-13 22:52:24:13104][INFO ][http-nio-8888-exec-3][HeaderExtractFilter.doFilterInternal] - requestURI[/actuator/health]
[2024-04-13 22:52:24:13104][INFO ][http-nio-8888-exec-3][HeaderExtractFilter.doFilterInternal] - authorization[null]
[2024-04-13 22:52:24:13104][INFO ][http-nio-8888-exec-3][HeaderExtractFilter.doFilterInternal] - contentType[null]
[2024-04-13 22:52:24:13104][INFO ][http-nio-8888-exec-3][HeaderExtractFilter.doFilterInternal] - ============= Header End =============
[2024-04-13 22:52:29:18264][INFO ][SpringApplicationShutdownHook][LocalContainerEntityManagerFactoryBean.destroy] - Closing JPA EntityManagerFactory for persistence unit 'default'
[2024-04-13 22:52:29:18271][INFO ][SpringApplicationShutdownHook][HikariDataSource.close] - HikariPool-1 - Shutdown initiated...
[2024-04-13 22:52:29:18277][INFO ][SpringApplicationShutdownHook][HikariDataSource.close] - HikariPool-1 - Shutdown completed.
